<?xml version="1.0" encoding="UTF-8"?>
<!-- Generated by org.testng.reporters.JUnitXMLReporter -->
<testsuite hostname="LAPTOP-AKU8L8FO" ignored="0" name="Default test" tests="4" failures="0" timestamp="2021-05-15T10:37:08 IST" time="0.094" errors="0">
  <testcase name="TestAdditionWithPositiveNumbers" time="0.008" classname="QualityKioskTraning.CalculatorAPICICDDemo.AdditionTestCases"/>
  <testcase name="TestAdditionWithNegativeNumbers" time="0.002" classname="QualityKioskTraning.CalculatorAPICICDDemo.AdditionTestCases"/>
  <testcase name="TestAdditionWithPositiveNegativeNumbers" time="0.011" classname="QualityKioskTraning.CalculatorAPICICDDemo.AdditionTestCases"/>
  <testcase name="TestAdditionWithZeroNumbers" time="0.001" classname="QualityKioskTraning.CalculatorAPICICDDemo.AdditionTestCases"/>
</testsuite> <!-- Default test -->
