<?xml version="1.0" encoding="UTF-8"?>
<!-- Generated by org.testng.reporters.JUnitXMLReporter -->
<testsuite hostname="LAPTOP-AKU8L8FO" ignored="0" name="Default test" tests="4" failures="0" timestamp="2021-05-18T09:45:21 IST" time="0.086" errors="0">
  <testcase name="TestMultiplicationWithTwoPositiveNumbers" time="0.009" classname="QualityKioskTraning.CalculatorAPICICDDemo.Multiplication"/>
  <testcase name="TestMultiplicationWithTwoPositiveNumbers" time="0.001" classname="QualityKioskTraning.CalculatorAPICICDDemo.Multiplication"/>
  <testcase name="TestMultiplicationWithTwoPositiveNumbers" time="0.001" classname="QualityKioskTraning.CalculatorAPICICDDemo.Multiplication"/>
  <testcase name="TestMultiplicationWithTwoPositiveNumbers" time="0.002" classname="QualityKioskTraning.CalculatorAPICICDDemo.Multiplication"/>
</testsuite> <!-- Default test -->
